<?xml version="1.0" encoding="UTF-8"?>
<testsuite name="ResistorColorDuoTest" tests="5" skipped="0" failures="0" errors="0" timestamp="2021-03-23T23:16:20" hostname="scott-HP-EliteDesk-705-G4-MT" time="0.022">
  <properties/>
  <testcase name="testBrownAndBlack" classname="ResistorColorDuoTest" time="0.009"/>
  <testcase name="testBlueAndGrey" classname="ResistorColorDuoTest" time="0.001"/>
  <testcase name="testOrangeAndOrange" classname="ResistorColorDuoTest" time="0.001"/>
  <testcase name="testYellowAndViolet" classname="ResistorColorDuoTest" time="0.008"/>
  <testcase name="testIgnoreAdditionalColors" classname="ResistorColorDuoTest" time="0.0"/>
  <system-out><![CDATA[]]></system-out>
  <system-err><![CDATA[]]></system-err>
</testsuite>
