<?xml version="1.0" encoding="UTF-8"?>
<testsuite name="ResistorColorTest" tests="4" skipped="0" failures="0" errors="0" timestamp="2021-03-23T22:54:44" hostname="scott-HP-EliteDesk-705-G4-MT" time="0.038">
  <properties/>
  <testcase name="testWhiteColorCode" classname="ResistorColorTest" time="0.01"/>
  <testcase name="testColors" classname="ResistorColorTest" time="0.004"/>
  <testcase name="testBlackColorCode" classname="ResistorColorTest" time="0.001"/>
  <testcase name="testOrangeColorCode" classname="ResistorColorTest" time="0.001"/>
  <system-out><![CDATA[]]></system-out>
  <system-err><![CDATA[]]></system-err>
</testsuite>
