<?xml version="1.0" encoding="UTF-8"?>
<testsuite name="TwoferTest" tests="4" skipped="0" failures="0" errors="0" timestamp="2021-03-19T20:17:53" hostname="scott-HP-EliteDesk-705-G4-MT" time="0.04">
  <properties/>
  <testcase name="noNameGiven" classname="TwoferTest" time="0.007"/>
  <testcase name="emptyStringIsNotTheSameAsNull" classname="TwoferTest" time="0.016"/>
  <testcase name="aNameGiven" classname="TwoferTest" time="0.004"/>
  <testcase name="anotherNameGiven" classname="TwoferTest" time="0.002"/>
  <system-out><![CDATA[]]></system-out>
  <system-err><![CDATA[]]></system-err>
</testsuite>
